0 verbose cli /opt/homebrew/Cellar/node/24.10.0/bin/node /opt/homebrew/bin/npm
1 info using npm@11.6.0
2 info using node@v24.10.0
3 silly config load:file:/opt/homebrew/lib/node_modules/npm/npmrc
4 silly config load:file:/Users/finlaysturzaker/Desktop/CreatorFirst/.npmrc
5 silly config load:file:/Users/finlaysturzaker/.npmrc
6 silly config load:file:/opt/homebrew/etc/npmrc
7 verbose title npm install @radix-ui/react-slot @radix-ui/react-separator @radix-ui/react-dialog @radix-ui/react-tooltip @radix-ui/react-label @radix-ui/react-select @radix-ui/react-tabs @radix-ui/react-toggle @radix-ui/react-checkbox @radix-ui/react-dropdown-menu vaul @radix-ui/react-avatar sonner next-themes class-variance-authority lucide-react recharts@2.15.4 @radix-ui/react-toggle-group @dnd-kit/core @dnd-kit/modifiers @dnd-kit/sortable @dnd-kit/utilities @tanstack/react-table zod
8 verbose argv "install" "@radix-ui/react-slot" "@radix-ui/react-separator" "@radix-ui/react-dialog" "@radix-ui/react-tooltip" "@radix-ui/react-label" "@radix-ui/react-select" "@radix-ui/react-tabs" "@radix-ui/react-toggle" "@radix-ui/react-checkbox" "@radix-ui/react-dropdown-menu" "vaul" "@radix-ui/react-avatar" "sonner" "next-themes" "class-variance-authority" "lucide-react" "recharts@2.15.4" "@radix-ui/react-toggle-group" "@dnd-kit/core" "@dnd-kit/modifiers" "@dnd-kit/sortable" "@dnd-kit/utilities" "@tanstack/react-table" "zod"
9 verbose logfile logs-max:10 dir:/Users/finlaysturzaker/Desktop/CreatorFirst/.npm-cache/_logs/2026-01-09T05_30_50_924Z-
10 verbose logfile /Users/finlaysturzaker/Desktop/CreatorFirst/.npm-cache/_logs/2026-01-09T05_30_50_924Z-debug-0.log
11 silly logfile done cleaning log files
12 silly packumentCache heap:2348810240 maxSize:587202560 maxEntrySize:293601280
13 silly idealTree buildDeps
14 silly fetch manifest @radix-ui/react-slot@*
15 silly packumentCache full:https://registry.npmjs.org/@radix-ui%2freact-slot cache-miss
16 http fetch GET 200 https://registry.npmjs.org/@radix-ui%2freact-slot 457ms (cache miss)
17 silly packumentCache full:https://registry.npmjs.org/@radix-ui%2freact-slot set size:undefined disposed:false
18 silly fetch manifest @types/react@^18.3.3
19 silly packumentCache full:https://registry.npmjs.org/@types%2freact cache-miss
20 http fetch GET 200 https://registry.npmjs.org/@types%2freact 120ms (cache miss)
21 silly packumentCache full:https://registry.npmjs.org/@types%2freact set size:undefined disposed:false
22 silly fetch manifest react@^18.3.1
23 silly packumentCache full:https://registry.npmjs.org/react cache-miss
24 http fetch GET 200 https://registry.npmjs.org/react 257ms (cache miss)
25 silly packumentCache full:https://registry.npmjs.org/react set size:undefined disposed:false
26 silly fetch manifest @radix-ui/react-separator@*
27 silly packumentCache full:https://registry.npmjs.org/@radix-ui%2freact-separator cache-miss
28 http fetch GET 200 https://registry.npmjs.org/@radix-ui%2freact-separator 544ms (cache miss)
29 silly packumentCache full:https://registry.npmjs.org/@radix-ui%2freact-separator set size:undefined disposed:false
30 silly fetch manifest @types/react-dom@^18.3.0
31 silly packumentCache full:https://registry.npmjs.org/@types%2freact-dom cache-miss
32 http fetch GET 200 https://registry.npmjs.org/@types%2freact-dom 77ms (cache miss)
33 silly packumentCache full:https://registry.npmjs.org/@types%2freact-dom set size:undefined disposed:false
34 silly fetch manifest react-dom@^18.3.1
35 silly packumentCache full:https://registry.npmjs.org/react-dom cache-miss
36 http fetch GET 200 https://registry.npmjs.org/react-dom 306ms (cache miss)
37 silly packumentCache full:https://registry.npmjs.org/react-dom set size:undefined disposed:false
38 silly fetch manifest @radix-ui/react-dialog@*
39 silly packumentCache full:https://registry.npmjs.org/@radix-ui%2freact-dialog cache-miss
40 http fetch GET 200 https://registry.npmjs.org/@radix-ui%2freact-dialog 424ms (cache miss)
41 silly packumentCache full:https://registry.npmjs.org/@radix-ui%2freact-dialog set size:undefined disposed:false
42 silly fetch manifest @radix-ui/react-tooltip@*
43 silly packumentCache full:https://registry.npmjs.org/@radix-ui%2freact-tooltip cache-miss
44 http fetch GET 200 https://registry.npmjs.org/@radix-ui%2freact-tooltip 427ms (cache miss)
45 silly packumentCache full:https://registry.npmjs.org/@radix-ui%2freact-tooltip set size:undefined disposed:false
46 silly fetch manifest @radix-ui/react-label@*
47 silly packumentCache full:https://registry.npmjs.org/@radix-ui%2freact-label cache-miss
48 http fetch GET 200 https://registry.npmjs.org/@radix-ui%2freact-label 130ms (cache miss)
49 silly packumentCache full:https://registry.npmjs.org/@radix-ui%2freact-label set size:undefined disposed:false
50 silly fetch manifest @radix-ui/react-select@*
51 silly packumentCache full:https://registry.npmjs.org/@radix-ui%2freact-select cache-miss
52 http fetch GET 200 https://registry.npmjs.org/@radix-ui%2freact-select 466ms (cache miss)
53 silly packumentCache full:https://registry.npmjs.org/@radix-ui%2freact-select set size:undefined disposed:false
54 silly fetch manifest @radix-ui/react-tabs@*
55 silly packumentCache full:https://registry.npmjs.org/@radix-ui%2freact-tabs cache-miss
56 http fetch GET 200 https://registry.npmjs.org/@radix-ui%2freact-tabs 353ms (cache miss)
57 silly packumentCache full:https://registry.npmjs.org/@radix-ui%2freact-tabs set size:undefined disposed:false
58 silly fetch manifest @radix-ui/react-toggle@*
59 silly packumentCache full:https://registry.npmjs.org/@radix-ui%2freact-toggle cache-miss
60 http fetch GET 200 https://registry.npmjs.org/@radix-ui%2freact-toggle 476ms (cache miss)
61 silly packumentCache full:https://registry.npmjs.org/@radix-ui%2freact-toggle set size:undefined disposed:false
62 silly fetch manifest @radix-ui/react-checkbox@*
63 silly packumentCache full:https://registry.npmjs.org/@radix-ui%2freact-checkbox cache-miss
64 http fetch GET 200 https://registry.npmjs.org/@radix-ui%2freact-checkbox 519ms (cache miss)
65 silly packumentCache full:https://registry.npmjs.org/@radix-ui%2freact-checkbox set size:undefined disposed:false
66 silly fetch manifest @radix-ui/react-dropdown-menu@*
67 silly packumentCache full:https://registry.npmjs.org/@radix-ui%2freact-dropdown-menu cache-miss
68 http fetch GET 200 https://registry.npmjs.org/@radix-ui%2freact-dropdown-menu 490ms (cache miss)
69 silly packumentCache full:https://registry.npmjs.org/@radix-ui%2freact-dropdown-menu set size:undefined disposed:false
70 silly fetch manifest vaul@*
71 silly packumentCache full:https://registry.npmjs.org/vaul cache-miss
72 http fetch GET 200 https://registry.npmjs.org/vaul 326ms (cache miss)
73 silly packumentCache full:https://registry.npmjs.org/vaul set size:undefined disposed:false
74 silly fetch manifest @radix-ui/react-avatar@*
75 silly packumentCache full:https://registry.npmjs.org/@radix-ui%2freact-avatar cache-miss
76 http fetch GET 200 https://registry.npmjs.org/@radix-ui%2freact-avatar 831ms (cache miss)
77 silly packumentCache full:https://registry.npmjs.org/@radix-ui%2freact-avatar set size:undefined disposed:false
78 silly fetch manifest sonner@*
79 silly packumentCache full:https://registry.npmjs.org/sonner cache-miss
80 http fetch GET 200 https://registry.npmjs.org/sonner 84ms (cache miss)
81 silly packumentCache full:https://registry.npmjs.org/sonner set size:undefined disposed:false
82 silly fetch manifest next-themes@*
83 silly packumentCache full:https://registry.npmjs.org/next-themes cache-miss
84 http fetch GET 200 https://registry.npmjs.org/next-themes 633ms (cache miss)
85 silly packumentCache full:https://registry.npmjs.org/next-themes set size:undefined disposed:false
86 silly fetch manifest class-variance-authority@*
87 silly packumentCache full:https://registry.npmjs.org/class-variance-authority cache-miss
88 http fetch GET 200 https://registry.npmjs.org/class-variance-authority 395ms (cache miss)
89 silly packumentCache full:https://registry.npmjs.org/class-variance-authority set size:undefined disposed:false
90 silly fetch manifest lucide-react@*
91 silly packumentCache full:https://registry.npmjs.org/lucide-react cache-miss
92 http fetch GET 200 https://registry.npmjs.org/lucide-react 567ms (cache miss)
93 silly packumentCache full:https://registry.npmjs.org/lucide-react set size:undefined disposed:false
94 silly fetch manifest recharts@2.15.4
95 silly packumentCache full:https://registry.npmjs.org/recharts cache-miss
96 http fetch GET 200 https://registry.npmjs.org/recharts 161ms (cache miss)
97 silly packumentCache full:https://registry.npmjs.org/recharts set size:undefined disposed:false
98 silly fetch manifest @radix-ui/react-toggle-group@*
99 silly packumentCache full:https://registry.npmjs.org/@radix-ui%2freact-toggle-group cache-miss
100 http fetch GET 200 https://registry.npmjs.org/@radix-ui%2freact-toggle-group 544ms (cache miss)
101 silly packumentCache full:https://registry.npmjs.org/@radix-ui%2freact-toggle-group set size:undefined disposed:false
102 silly fetch manifest @dnd-kit/core@*
103 silly packumentCache full:https://registry.npmjs.org/@dnd-kit%2fcore cache-miss
104 http fetch GET 200 https://registry.npmjs.org/@dnd-kit%2fcore 960ms (cache miss)
105 silly packumentCache full:https://registry.npmjs.org/@dnd-kit%2fcore set size:undefined disposed:false
106 silly fetch manifest @dnd-kit/modifiers@*
107 silly packumentCache full:https://registry.npmjs.org/@dnd-kit%2fmodifiers cache-miss
108 http fetch GET 200 https://registry.npmjs.org/@dnd-kit%2fmodifiers 802ms (cache miss)
109 silly packumentCache full:https://registry.npmjs.org/@dnd-kit%2fmodifiers set size:undefined disposed:false
110 silly fetch manifest @dnd-kit/sortable@*
111 silly packumentCache full:https://registry.npmjs.org/@dnd-kit%2fsortable cache-miss
112 http fetch GET 200 https://registry.npmjs.org/@dnd-kit%2fsortable 526ms (cache miss)
113 silly packumentCache full:https://registry.npmjs.org/@dnd-kit%2fsortable set size:undefined disposed:false
114 silly fetch manifest @dnd-kit/utilities@*
115 silly packumentCache full:https://registry.npmjs.org/@dnd-kit%2futilities cache-miss
116 http fetch GET 200 https://registry.npmjs.org/@dnd-kit%2futilities 1250ms (cache miss)
117 silly packumentCache full:https://registry.npmjs.org/@dnd-kit%2futilities set size:undefined disposed:false
118 silly fetch manifest @tanstack/react-table@*
119 silly packumentCache full:https://registry.npmjs.org/@tanstack%2freact-table cache-miss
120 http fetch GET 200 https://registry.npmjs.org/@tanstack%2freact-table 829ms (cache miss)
121 silly packumentCache full:https://registry.npmjs.org/@tanstack%2freact-table set size:undefined disposed:false
122 silly fetch manifest zod@*
123 silly packumentCache full:https://registry.npmjs.org/zod cache-miss
124 http cache https://registry.npmjs.org/zod 42ms (cache hit)
125 silly packumentCache full:https://registry.npmjs.org/zod set size:3462856 disposed:false
126 silly placeDep ROOT @dnd-kit/core@6.3.1 OK for: creative-first@0.1.0 want: *
127 silly placeDep ROOT @dnd-kit/modifiers@9.0.0 OK for: creative-first@0.1.0 want: *
128 silly placeDep ROOT @dnd-kit/sortable@10.0.0 OK for: creative-first@0.1.0 want: *
129 silly placeDep ROOT @dnd-kit/utilities@3.2.2 OK for: creative-first@0.1.0 want: *
130 silly placeDep ROOT @radix-ui/react-avatar@1.1.11 OK for: creative-first@0.1.0 want: *
131 silly placeDep ROOT @radix-ui/react-checkbox@1.3.3 OK for: creative-first@0.1.0 want: *
132 silly placeDep ROOT @radix-ui/react-dialog@1.1.15 OK for: creative-first@0.1.0 want: *
133 silly placeDep ROOT @radix-ui/react-dropdown-menu@2.1.16 OK for: creative-first@0.1.0 want: *
134 silly placeDep ROOT @radix-ui/react-label@2.1.8 OK for: creative-first@0.1.0 want: *
135 silly placeDep ROOT @radix-ui/react-select@2.2.6 OK for: creative-first@0.1.0 want: *
136 silly placeDep ROOT @radix-ui/react-separator@1.1.8 OK for: creative-first@0.1.0 want: *
137 silly placeDep ROOT @radix-ui/react-slot@1.2.4 OK for: creative-first@0.1.0 want: *
138 silly placeDep ROOT @radix-ui/react-tabs@1.1.13 OK for: creative-first@0.1.0 want: *
139 silly placeDep ROOT @radix-ui/react-toggle@1.1.10 OK for: creative-first@0.1.0 want: *
140 silly placeDep ROOT @radix-ui/react-toggle-group@1.1.11 OK for: creative-first@0.1.0 want: *
141 silly placeDep ROOT @radix-ui/react-tooltip@1.2.8 OK for: creative-first@0.1.0 want: *
142 silly placeDep ROOT @tanstack/react-table@8.21.3 OK for: creative-first@0.1.0 want: *
143 silly placeDep ROOT class-variance-authority@0.7.1 OK for: creative-first@0.1.0 want: *
144 silly placeDep ROOT lucide-react@0.562.0 OK for: creative-first@0.1.0 want: *
145 silly placeDep ROOT next-themes@0.4.6 OK for: creative-first@0.1.0 want: *
146 silly placeDep ROOT recharts@2.15.4 OK for: creative-first@0.1.0 want: 2.15.4
147 silly placeDep ROOT sonner@2.0.7 OK for: creative-first@0.1.0 want: *
148 silly placeDep ROOT vaul@1.1.2 OK for: creative-first@0.1.0 want: *
149 silly placeDep ROOT zod@4.3.5 OK for: creative-first@0.1.0 want: *
150 silly fetch manifest @dnd-kit/accessibility@^3.1.1
151 silly packumentCache full:https://registry.npmjs.org/@dnd-kit%2faccessibility cache-miss
152 silly fetch manifest @dnd-kit/utilities@^3.2.2
153 silly packumentCache full:https://registry.npmjs.org/@dnd-kit%2futilities cache-miss
154 silly fetch manifest @dnd-kit/utilities@^3.2.2
155 silly packumentCache full:https://registry.npmjs.org/@dnd-kit%2futilities cache-miss
156 silly fetch manifest @dnd-kit/utilities@^3.2.2
157 silly packumentCache full:https://registry.npmjs.org/@dnd-kit%2futilities cache-miss
158 silly fetch manifest @radix-ui/react-context@1.1.3
159 silly packumentCache full:https://registry.npmjs.org/@radix-ui%2freact-context cache-miss
160 silly fetch manifest @radix-ui/react-primitive@2.1.4
161 silly packumentCache full:https://registry.npmjs.org/@radix-ui%2freact-primitive cache-miss
162 silly fetch manifest @radix-ui/react-use-is-hydrated@0.1.0
163 silly packumentCache full:https://registry.npmjs.org/@radix-ui%2freact-use-is-hydrated cache-miss
164 http cache https://registry.npmjs.org/@dnd-kit%2futilities 50ms (cache hit)
165 silly packumentCache full:https://registry.npmjs.org/@dnd-kit%2futilities set size:247103 disposed:false
166 silly fetch manifest @radix-ui/react-use-callback-ref@1.1.1
167 silly packumentCache full:https://registry.npmjs.org/@radix-ui%2freact-use-callback-ref cache-miss
168 http cache https://registry.npmjs.org/@dnd-kit%2futilities 61ms (cache hit)
169 silly packumentCache full:https://registry.npmjs.org/@dnd-kit%2futilities set size:247103 disposed:false
170 silly packumentCache full:https://registry.npmjs.org/@dnd-kit%2futilities dispose
171 silly fetch manifest @radix-ui/react-use-layout-effect@1.1.1
172 silly packumentCache full:https://registry.npmjs.org/@radix-ui%2freact-use-layout-effect cache-miss
173 http cache https://registry.npmjs.org/@dnd-kit%2futilities 73ms (cache hit)
174 silly packumentCache full:https://registry.npmjs.org/@dnd-kit%2futilities set size:247103 disposed:true
175 silly packumentCache full:https://registry.npmjs.org/@dnd-kit%2futilities dispose
176 silly fetch manifest @radix-ui/primitive@1.1.3
177 silly packumentCache full:https://registry.npmjs.org/@radix-ui%2fprimitive cache-miss
178 http fetch GET 200 https://registry.npmjs.org/@radix-ui%2freact-primitive 490ms (cache miss)
179 silly packumentCache full:https://registry.npmjs.org/@radix-ui%2freact-primitive set size:undefined disposed:false
180 silly fetch manifest @radix-ui/react-context@1.1.2
181 silly packumentCache full:https://registry.npmjs.org/@radix-ui%2freact-context cache-miss
182 http fetch GET 200 https://registry.npmjs.org/@radix-ui%2fprimitive 462ms (cache miss)
183 silly packumentCache full:https://registry.npmjs.org/@radix-ui%2fprimitive set size:undefined disposed:false
184 silly fetch manifest @radix-ui/react-presence@1.1.5
185 silly packumentCache full:https://registry.npmjs.org/@radix-ui%2freact-presence cache-miss
186 http fetch GET 200 https://registry.npmjs.org/@radix-ui%2freact-context 713ms (cache miss)
187 silly packumentCache full:https://registry.npmjs.org/@radix-ui%2freact-context set size:undefined disposed:false
188 silly fetch manifest @radix-ui/react-use-size@1.1.1
189 silly packumentCache full:https://registry.npmjs.org/@radix-ui%2freact-use-size cache-miss
190 http fetch GET 200 https://registry.npmjs.org/@radix-ui%2freact-context 204ms (cache miss)
191 silly packumentCache full:https://registry.npmjs.org/@radix-ui%2freact-context set size:undefined disposed:false
192 silly fetch manifest @radix-ui/react-primitive@2.1.3
193 silly packumentCache full:https://registry.npmjs.org/@radix-ui%2freact-primitive cache-miss
194 http cache https://registry.npmjs.org/@radix-ui%2freact-primitive 2ms (cache hit)
195 silly packumentCache full:https://registry.npmjs.org/@radix-ui%2freact-primitive set size:595809 disposed:false
196 silly fetch manifest @radix-ui/react-compose-refs@1.1.2
197 silly packumentCache full:https://registry.npmjs.org/@radix-ui%2freact-compose-refs cache-miss
198 http fetch GET 200 https://registry.npmjs.org/@radix-ui%2freact-use-callback-ref 696ms (cache miss)
199 silly packumentCache full:https://registry.npmjs.org/@radix-ui%2freact-use-callback-ref set size:undefined disposed:false
200 silly fetch manifest @radix-ui/react-use-previous@1.1.1
201 silly packumentCache full:https://registry.npmjs.org/@radix-ui%2freact-use-previous cache-miss
202 http fetch GET 200 https://registry.npmjs.org/@radix-ui%2freact-use-layout-effect 698ms (cache miss)
203 silly packumentCache full:https://registry.npmjs.org/@radix-ui%2freact-use-layout-effect set size:undefined disposed:false
204 silly fetch manifest @radix-ui/react-use-controllable-state@1.2.2
205 silly packumentCache full:https://registry.npmjs.org/@radix-ui%2freact-use-controllable-state cache-miss
206 http fetch GET 200 https://registry.npmjs.org/@dnd-kit%2faccessibility 803ms (cache miss)
207 silly packumentCache full:https://registry.npmjs.org/@dnd-kit%2faccessibility set size:undefined disposed:false
208 silly fetch manifest aria-hidden@^1.2.4
209 silly packumentCache full:https://registry.npmjs.org/aria-hidden cache-miss
210 http fetch GET 200 https://registry.npmjs.org/aria-hidden 44ms (cache miss)
211 silly packumentCache full:https://registry.npmjs.org/aria-hidden set size:undefined disposed:false
212 silly fetch manifest @radix-ui/react-id@1.1.1
213 silly packumentCache full:https://registry.npmjs.org/@radix-ui%2freact-id cache-miss
214 http fetch GET 200 https://registry.npmjs.org/@radix-ui%2freact-use-is-hydrated 906ms (cache miss)
215 silly packumentCache full:https://registry.npmjs.org/@radix-ui%2freact-use-is-hydrated set size:undefined disposed:false
216 silly fetch manifest react-remove-scroll@^2.6.3
217 silly packumentCache full:https://registry.npmjs.org/react-remove-scroll cache-miss
218 http fetch GET 200 https://registry.npmjs.org/@radix-ui%2freact-presence 365ms (cache miss)
219 silly packumentCache full:https://registry.npmjs.org/@radix-ui%2freact-presence set size:undefined disposed:false
220 silly fetch manifest @radix-ui/react-slot@1.2.3
221 silly packumentCache full:https://registry.npmjs.org/@radix-ui%2freact-slot cache-miss
222 http cache https://registry.npmjs.org/@radix-ui%2freact-slot 6ms (cache hit)
223 silly packumentCache full:https://registry.npmjs.org/@radix-ui%2freact-slot set size:387271 disposed:false
224 silly fetch manifest @radix-ui/react-portal@1.1.9
225 silly packumentCache full:https://registry.npmjs.org/@radix-ui%2freact-portal cache-miss
226 http fetch GET 200 https://registry.npmjs.org/@radix-ui%2freact-compose-refs 340ms (cache miss)
227 silly packumentCache full:https://registry.npmjs.org/@radix-ui%2freact-compose-refs set size:undefined disposed:false
228 silly fetch manifest @radix-ui/react-focus-scope@1.1.7
229 silly packumentCache full:https://registry.npmjs.org/@radix-ui%2freact-focus-scope cache-miss
230 http fetch GET 200 https://registry.npmjs.org/@radix-ui%2freact-use-previous 388ms (cache miss)
231 silly packumentCache full:https://registry.npmjs.org/@radix-ui%2freact-use-previous set size:undefined disposed:false
232 silly fetch manifest @radix-ui/react-focus-guards@1.1.3
233 silly packumentCache full:https://registry.npmjs.org/@radix-ui%2freact-focus-guards cache-miss
234 http fetch GET 200 https://registry.npmjs.org/@radix-ui%2freact-use-controllable-state 387ms (cache miss)
235 silly packumentCache full:https://registry.npmjs.org/@radix-ui%2freact-use-controllable-state set size:undefined disposed:false
236 silly fetch manifest @radix-ui/react-dismissable-layer@1.1.11
237 silly packumentCache full:https://registry.npmjs.org/@radix-ui%2freact-dismissable-layer cache-miss
238 http fetch GET 200 https://registry.npmjs.org/react-remove-scroll 261ms (cache miss)
239 silly packumentCache full:https://registry.npmjs.org/react-remove-scroll set size:undefined disposed:false
240 silly fetch manifest @radix-ui/react-id@1.1.1
241 silly packumentCache full:https://registry.npmjs.org/@radix-ui%2freact-id cache-miss
242 http fetch GET 200 https://registry.npmjs.org/@radix-ui%2freact-id 358ms (cache miss)
243 silly packumentCache full:https://registry.npmjs.org/@radix-ui%2freact-id set size:undefined disposed:false
244 silly fetch manifest @radix-ui/react-menu@2.1.16
245 silly packumentCache full:https://registry.npmjs.org/@radix-ui%2freact-menu cache-miss
246 http fetch GET 200 https://registry.npmjs.org/@radix-ui%2freact-id 72ms (cache miss)
247 silly packumentCache full:https://registry.npmjs.org/@radix-ui%2freact-id set size:undefined disposed:false
248 silly fetch manifest @radix-ui/number@1.1.1
249 silly packumentCache full:https://registry.npmjs.org/@radix-ui%2fnumber cache-miss
250 http fetch GET 200 https://registry.npmjs.org/@radix-ui%2freact-use-size 593ms (cache miss)
251 silly packumentCache full:https://registry.npmjs.org/@radix-ui%2freact-use-size set size:undefined disposed:false
252 silly fetch manifest @radix-ui/react-popper@1.2.8
253 silly packumentCache full:https://registry.npmjs.org/@radix-ui%2freact-popper cache-miss
254 http fetch GET 200 https://registry.npmjs.org/@radix-ui%2freact-focus-scope 398ms (cache miss)
255 silly packumentCache full:https://registry.npmjs.org/@radix-ui%2freact-focus-scope set size:undefined disposed:false
256 silly fetch manifest @radix-ui/react-portal@1.1.9
257 silly packumentCache full:https://registry.npmjs.org/@radix-ui%2freact-portal cache-miss
258 http fetch GET 200 https://registry.npmjs.org/@radix-ui%2freact-portal 603ms (cache miss)
259 silly packumentCache full:https://registry.npmjs.org/@radix-ui%2freact-portal set size:undefined disposed:false
260 silly fetch manifest @radix-ui/react-direction@1.1.1
261 silly packumentCache full:https://registry.npmjs.org/@radix-ui%2freact-direction cache-miss
262 http fetch GET 200 https://registry.npmjs.org/@radix-ui%2freact-dismissable-layer 381ms (cache miss)
263 silly packumentCache full:https://registry.npmjs.org/@radix-ui%2freact-dismissable-layer set size:undefined disposed:false
264 silly fetch manifest @radix-ui/react-collection@1.1.7
265 silly packumentCache full:https://registry.npmjs.org/@radix-ui%2freact-collection cache-miss
266 http fetch GET 200 https://registry.npmjs.org/@radix-ui%2freact-portal 97ms (cache miss)
267 silly packumentCache full:https://registry.npmjs.org/@radix-ui%2freact-portal set size:undefined disposed:false
268 silly fetch manifest @radix-ui/react-focus-guards@1.1.3
269 silly packumentCache full:https://registry.npmjs.org/@radix-ui%2freact-focus-guards cache-miss
270 http fetch GET 200 https://registry.npmjs.org/@radix-ui%2freact-menu 417ms (cache miss)
271 silly packumentCache full:https://registry.npmjs.org/@radix-ui%2freact-menu set size:undefined disposed:false
272 silly fetch manifest @radix-ui/react-visually-hidden@1.2.3
273 silly packumentCache full:https://registry.npmjs.org/@radix-ui%2freact-visually-hidden cache-miss
274 http fetch GET 200 https://registry.npmjs.org/@radix-ui%2freact-popper 348ms (cache miss)
275 silly packumentCache full:https://registry.npmjs.org/@radix-ui%2freact-popper set size:undefined disposed:false
276 silly fetch manifest @radix-ui/react-direction@1.1.1
277 silly packumentCache full:https://registry.npmjs.org/@radix-ui%2freact-direction cache-miss
278 http fetch GET 200 https://registry.npmjs.org/@radix-ui%2freact-focus-guards 582ms (cache miss)
279 silly packumentCache full:https://registry.npmjs.org/@radix-ui%2freact-focus-guards set size:undefined disposed:false
280 silly fetch manifest @radix-ui/react-roving-focus@1.1.11
281 silly packumentCache full:https://registry.npmjs.org/@radix-ui%2freact-roving-focus cache-miss
