0 verbose cli /opt/homebrew/Cellar/node/24.10.0/bin/node /opt/homebrew/bin/npm
1 info using npm@11.6.0
2 info using node@v24.10.0
3 silly config load:file:/opt/homebrew/lib/node_modules/npm/npmrc
4 silly config load:file:/Users/finlaysturzaker/Desktop/CreatorFirst/.npmrc
5 silly config load:file:/Users/finlaysturzaker/.npmrc
6 silly config load:file:/opt/homebrew/etc/npmrc
7 verbose title npm install clsx tailwind-merge tailwindcss-animate
8 verbose argv "install" "clsx" "tailwind-merge" "tailwindcss-animate"
9 verbose logfile logs-max:10 dir:/Users/finlaysturzaker/Desktop/CreatorFirst/.npm-cache/_logs/2026-01-09T05_42_32_031Z-
10 verbose logfile /Users/finlaysturzaker/Desktop/CreatorFirst/.npm-cache/_logs/2026-01-09T05_42_32_031Z-debug-0.log
11 silly logfile done cleaning log files
12 silly packumentCache heap:2348810240 maxSize:587202560 maxEntrySize:293601280
13 silly idealTree buildDeps
14 silly fetch manifest clsx@*
15 silly packumentCache full:https://registry.npmjs.org/clsx cache-miss
16 http fetch GET 200 https://registry.npmjs.org/clsx 494ms (cache revalidated)
17 silly packumentCache full:https://registry.npmjs.org/clsx set size:42506 disposed:false
18 silly fetch manifest tailwind-merge@*
19 silly packumentCache full:https://registry.npmjs.org/tailwind-merge cache-miss
20 http fetch GET 200 https://registry.npmjs.org/tailwind-merge 339ms (cache miss)
21 silly packumentCache full:https://registry.npmjs.org/tailwind-merge set size:undefined disposed:false
22 silly fetch manifest tailwindcss-animate@*
23 silly packumentCache full:https://registry.npmjs.org/tailwindcss-animate cache-miss
24 http fetch GET 200 https://registry.npmjs.org/tailwindcss-animate 41ms (cache miss)
25 silly packumentCache full:https://registry.npmjs.org/tailwindcss-animate set size:undefined disposed:false
26 silly fetch manifest tailwindcss@^3.4.6
27 silly packumentCache full:https://registry.npmjs.org/tailwindcss cache-miss
28 http fetch GET 200 https://registry.npmjs.org/tailwindcss 408ms (cache miss)
29 silly packumentCache full:https://registry.npmjs.org/tailwindcss set size:undefined disposed:false
30 silly placeDep ROOT clsx@2.1.1 REPLACE for: creative-first@0.1.0 want: *
31 silly placeDep ROOT tailwind-merge@3.4.0 OK for: creative-first@0.1.0 want: *
32 silly placeDep ROOT tailwindcss-animate@1.0.7 OK for: creative-first@0.1.0 want: *
33 silly reify moves {}
34 silly audit bulk request {
34 silly audit   '@alloc/quick-lru': [ '5.2.0' ],
34 silly audit   '@babel/runtime': [ '7.28.4' ],
34 silly audit   '@dnd-kit/accessibility': [ '3.1.1' ],
34 silly audit   '@dnd-kit/core': [ '6.3.1' ],
34 silly audit   '@dnd-kit/modifiers': [ '9.0.0' ],
34 silly audit   '@dnd-kit/sortable': [ '10.0.0' ],
34 silly audit   '@dnd-kit/utilities': [ '3.2.2' ],
34 silly audit   '@emnapi/core': [ '1.8.1' ],
34 silly audit   '@emnapi/runtime': [ '1.8.0' ],
34 silly audit   '@emnapi/wasi-threads': [ '1.1.0' ],
34 silly audit   '@eslint-community/eslint-utils': [ '4.9.1' ],
34 silly audit   '@eslint-community/regexpp': [ '4.12.2' ],
34 silly audit   '@eslint/eslintrc': [ '2.1.4' ],
34 silly audit   '@eslint/js': [ '8.57.1' ],
34 silly audit   '@floating-ui/core': [ '1.7.3' ],
34 silly audit   '@floating-ui/dom': [ '1.7.4' ],
34 silly audit   '@floating-ui/react-dom': [ '2.1.6' ],
34 silly audit   '@floating-ui/utils': [ '0.2.10' ],
34 silly audit   '@humanwhocodes/config-array': [ '0.13.0' ],
34 silly audit   '@humanwhocodes/module-importer': [ '1.0.1' ],
34 silly audit   '@humanwhocodes/object-schema': [ '2.0.3' ],
34 silly audit   '@jridgewell/gen-mapping': [ '0.3.13' ],
34 silly audit   '@jridgewell/resolve-uri': [ '3.1.2' ],
34 silly audit   '@jridgewell/sourcemap-codec': [ '1.5.5' ],
34 silly audit   '@jridgewell/trace-mapping': [ '0.3.31' ],
34 silly audit   '@napi-rs/wasm-runtime': [ '0.2.12' ],
34 silly audit   '@next/env': [ '14.2.35' ],
34 silly audit   '@next/eslint-plugin-next': [ '15.0.0' ],
34 silly audit   '@next/swc-darwin-arm64': [ '14.2.33' ],
34 silly audit   '@next/swc-darwin-x64': [ '14.2.33' ],
34 silly audit   '@next/swc-linux-arm64-gnu': [ '14.2.33' ],
34 silly audit   '@next/swc-linux-arm64-musl': [ '14.2.33' ],
34 silly audit   '@next/swc-linux-x64-gnu': [ '14.2.33' ],
34 silly audit   '@next/swc-linux-x64-musl': [ '14.2.33' ],
34 silly audit   '@next/swc-win32-arm64-msvc': [ '14.2.33' ],
34 silly audit   '@next/swc-win32-ia32-msvc': [ '14.2.33' ],
34 silly audit   '@next/swc-win32-x64-msvc': [ '14.2.33' ],
34 silly audit   '@nodelib/fs.scandir': [ '2.1.5' ],
34 silly audit   '@nodelib/fs.stat': [ '2.0.5' ],
34 silly audit   '@nodelib/fs.walk': [ '1.2.8' ],
34 silly audit   '@nolyfill/is-core-module': [ '1.0.39' ],
34 silly audit   '@radix-ui/number': [ '1.1.1' ],
34 silly audit   '@radix-ui/primitive': [ '1.1.3' ],
34 silly audit   '@radix-ui/react-arrow': [ '1.1.7' ],
34 silly audit   '@radix-ui/react-primitive': [ '2.1.3', '2.1.4' ],
34 silly audit   '@radix-ui/react-slot': [ '1.2.3', '1.2.4' ],
34 silly audit   '@radix-ui/react-avatar': [ '1.1.11' ],
34 silly audit   '@radix-ui/react-checkbox': [ '1.3.3' ],
34 silly audit   '@radix-ui/react-context': [ '1.1.2', '1.1.3' ],
34 silly audit   '@radix-ui/react-collection': [ '1.1.7' ],
34 silly audit   '@radix-ui/react-compose-refs': [ '1.1.2' ],
34 silly audit   '@radix-ui/react-dialog': [ '1.1.15' ],
34 silly audit   '@radix-ui/react-direction': [ '1.1.1' ],
34 silly audit   '@radix-ui/react-dismissable-layer': [ '1.1.11' ],
34 silly audit   '@radix-ui/react-dropdown-menu': [ '2.1.16' ],
34 silly audit   '@radix-ui/react-focus-guards': [ '1.1.3' ],
34 silly audit   '@radix-ui/react-focus-scope': [ '1.1.7' ],
34 silly audit   '@radix-ui/react-id': [ '1.1.1' ],
34 silly audit   '@radix-ui/react-label': [ '2.1.8' ],
34 silly audit   '@radix-ui/react-menu': [ '2.1.16' ],
34 silly audit   '@radix-ui/react-popper': [ '1.2.8' ],
34 silly audit   '@radix-ui/react-portal': [ '1.1.9' ],
34 silly audit   '@radix-ui/react-presence': [ '1.1.5' ],
34 silly audit   '@radix-ui/react-roving-focus': [ '1.1.11' ],
34 silly audit   '@radix-ui/react-select': [ '2.2.6' ],
34 silly audit   '@radix-ui/react-separator': [ '1.1.8' ],
34 silly audit   '@radix-ui/react-tabs': [ '1.1.13' ],
34 silly audit   '@radix-ui/react-toggle': [ '1.1.10' ],
34 silly audit   '@radix-ui/react-toggle-group': [ '1.1.11' ],
34 silly audit   '@radix-ui/react-tooltip': [ '1.2.8' ],
34 silly audit   '@radix-ui/react-use-callback-ref': [ '1.1.1' ],
34 silly audit   '@radix-ui/react-use-controllable-state': [ '1.2.2' ],
34 silly audit   '@radix-ui/react-use-effect-event': [ '0.0.2' ],
34 silly audit   '@radix-ui/react-use-escape-keydown': [ '1.1.1' ],
34 silly audit   '@radix-ui/react-use-is-hydrated': [ '0.1.0' ],
34 silly audit   '@radix-ui/react-use-layout-effect': [ '1.1.1' ],
34 silly audit   '@radix-ui/react-use-previous': [ '1.1.1' ],
34 silly audit   '@radix-ui/react-use-rect': [ '1.1.1' ],
34 silly audit   '@radix-ui/react-use-size': [ '1.1.1' ],
34 silly audit   '@radix-ui/react-visually-hidden': [ '1.2.3' ],
34 silly audit   '@radix-ui/rect': [ '1.1.1' ],
34 silly audit   '@rtsao/scc': [ '1.1.0' ],
34 silly audit   '@rushstack/eslint-patch': [ '1.15.0' ],
34 silly audit   '@supabase/auth-helpers-nextjs': [ '0.10.0' ],
34 silly audit   '@supabase/auth-helpers-shared': [ '0.7.0' ],
34 silly audit   '@supabase/auth-js': [ '2.89.0' ],
34 silly audit   '@supabase/functions-js': [ '2.89.0' ],
34 silly audit   '@supabase/postgrest-js': [ '2.89.0' ],
34 silly audit   '@supabase/realtime-js': [ '2.89.0' ],
34 silly audit   '@supabase/storage-js': [ '2.89.0' ],
34 silly audit   '@supabase/supabase-js': [ '2.89.0' ],
34 silly audit   '@swc/counter': [ '0.1.3' ],
34 silly audit   '@swc/helpers': [ '0.5.5' ],
34 silly audit   '@tanstack/react-table': [ '8.21.3' ],
34 silly audit   '@tanstack/table-core': [ '8.21.3' ],
34 silly audit   '@tybys/wasm-util': [ '0.10.1' ],
34 silly audit   '@types/d3-array': [ '3.2.2' ],
34 silly audit   '@types/d3-color': [ '3.1.3' ],
34 silly audit   '@types/d3-ease': [ '3.0.2' ],
34 silly audit   '@types/d3-interpolate': [ '3.0.4' ],
34 silly audit   '@types/d3-path': [ '3.1.1' ],
34 silly audit   '@types/d3-scale': [ '4.0.9' ],
34 silly audit   '@types/d3-shape': [ '3.1.7' ],
34 silly audit   '@types/d3-time': [ '3.0.4' ],
34 silly audit   '@types/d3-timer': [ '3.0.2' ],
34 silly audit   '@types/json5': [ '0.0.29' ],
34 silly audit   '@types/node': [ '20.19.27' ],
34 silly audit   '@types/phoenix': [ '1.6.7' ],
34 silly audit   '@types/prop-types': [ '15.7.15' ],
34 silly audit   '@types/react': [ '18.3.27' ],
34 silly audit   '@types/react-dom': [ '18.3.7' ],
34 silly audit   '@types/ws': [ '8.18.1' ],
34 silly audit   '@typescript-eslint/eslint-plugin': [ '8.51.0' ],
34 silly audit   ignore: [ '7.0.5', '5.3.2' ],
34 silly audit   '@typescript-eslint/parser': [ '8.51.0' ],
34 silly audit   '@typescript-eslint/project-service': [ '8.51.0' ],
34 silly audit   '@typescript-eslint/scope-manager': [ '8.51.0' ],
34 silly audit   '@typescript-eslint/tsconfig-utils': [ '8.51.0' ],
34 silly audit   '@typescript-eslint/type-utils': [ '8.51.0' ],
34 silly audit   '@typescript-eslint/types': [ '8.51.0' ],
34 silly audit   '@typescript-eslint/typescript-estree': [ '8.51.0' ],
34 silly audit   'brace-expansion': [ '2.0.2', '1.1.12' ],
34 silly audit   minimatch: [ '9.0.5', '3.1.2' ],
34 silly audit   '@typescript-eslint/utils': [ '8.51.0' ],
34 silly audit   '@typescript-eslint/visitor-keys': [ '8.51.0' ],
34 silly audit   'eslint-visitor-keys': [ '4.2.1', '3.4.3' ],
34 silly audit   '@ungap/structured-clone': [ '1.3.0' ],
34 silly audit   '@unrs/resolver-binding-android-arm-eabi': [ '1.11.1' ],
34 silly audit   '@unrs/resolver-binding-android-arm64': [ '1.11.1' ],
34 silly audit   '@unrs/resolver-binding-darwin-arm64': [ '1.11.1' ],
34 silly audit   '@unrs/resolver-binding-darwin-x64': [ '1.11.1' ],
34 silly audit   '@unrs/resolver-binding-freebsd-x64': [ '1.11.1' ],
34 silly audit   '@unrs/resolver-binding-linux-arm-gnueabihf': [ '1.11.1' ],
34 silly audit   '@unrs/resolver-binding-linux-arm-musleabihf': [ '1.11.1' ],
34 silly audit   '@unrs/resolver-binding-linux-arm64-gnu': [ '1.11.1' ],
34 silly audit   '@unrs/resolver-binding-linux-arm64-musl': [ '1.11.1' ],
34 silly audit   '@unrs/resolver-binding-linux-ppc64-gnu': [ '1.11.1' ],
34 silly audit   '@unrs/resolver-binding-linux-riscv64-gnu': [ '1.11.1' ],
34 silly audit   '@unrs/resolver-binding-linux-riscv64-musl': [ '1.11.1' ],
34 silly audit   '@unrs/resolver-binding-linux-s390x-gnu': [ '1.11.1' ],
34 silly audit   '@unrs/resolver-binding-linux-x64-gnu': [ '1.11.1' ],
34 silly audit   '@unrs/resolver-binding-linux-x64-musl': [ '1.11.1' ],
34 silly audit   '@unrs/resolver-binding-wasm32-wasi': [ '1.11.1' ],
34 silly audit   '@unrs/resolver-binding-win32-arm64-msvc': [ '1.11.1' ],
34 silly audit   '@unrs/resolver-binding-win32-ia32-msvc': [ '1.11.1' ],
34 silly audit   '@unrs/resolver-binding-win32-x64-msvc': [ '1.11.1' ],
34 silly audit   acorn: [ '8.15.0' ],
34 silly audit   'acorn-jsx': [ '5.3.2' ],
34 silly audit   ajv: [ '6.12.6' ],
34 silly audit   'ansi-regex': [ '5.0.1' ],
34 silly audit   'ansi-styles': [ '4.3.0' ],
34 silly audit   'any-promise': [ '1.3.0' ],
34 silly audit   anymatch: [ '3.1.3' ],
34 silly audit   arg: [ '5.0.2' ],
34 silly audit   argparse: [ '2.0.1' ],
34 silly audit   'aria-hidden': [ '1.2.6' ],
34 silly audit   'aria-query': [ '5.3.2' ],
34 silly audit   'array-buffer-byte-length': [ '1.0.2' ],
34 silly audit   'array-includes': [ '3.1.9' ],
34 silly audit   'array.prototype.findlast': [ '1.2.5' ],
34 silly audit   'array.prototype.findlastindex': [ '1.2.6' ],
34 silly audit   'array.prototype.flat': [ '1.3.3' ],
34 silly audit   'array.prototype.flatmap': [ '1.3.3' ],
34 silly audit   'array.prototype.tosorted': [ '1.1.4' ],
34 silly audit   'arraybuffer.prototype.slice': [ '1.0.4' ],
34 silly audit   'ast-types-flow': [ '0.0.8' ],
34 silly audit   'async-function': [ '1.0.0' ],
34 silly audit   autoprefixer: [ '10.4.23' ],
34 silly audit   'available-typed-arrays': [ '1.0.7' ],
34 silly audit   'axe-core': [ '4.11.0' ],
34 silly audit   'axobject-query': [ '4.1.0' ],
34 silly audit   'balanced-match': [ '1.0.2' ],
34 silly audit   'baseline-browser-mapping': [ '2.9.11' ],
34 silly audit   'binary-extensions': [ '2.3.0' ],
34 silly audit   braces: [ '3.0.3' ],
34 silly audit   browserslist: [ '4.28.1' ],
34 silly audit   busboy: [ '1.6.0' ],
34 silly audit   'call-bind': [ '1.0.8' ],
34 silly audit   'call-bind-apply-helpers': [ '1.0.2' ],
34 silly audit   'call-bound': [ '1.0.4' ],
34 silly audit   callsites: [ '3.1.0' ],
34 silly audit   'camelcase-css': [ '2.0.1' ],
34 silly audit   'caniuse-lite': [ '1.0.30001762' ],
34 silly audit   chalk: [ '4.1.2' ],
34 silly audit   chokidar: [ '3.6.0' ],
34 silly audit   'glob-parent': [ '5.1.2', '6.0.2' ],
34 silly audit   'class-variance-authority': [ '0.7.1' ],
34 silly audit   'client-only': [ '0.0.1' ],
34 silly audit   'color-convert': [ '2.0.1' ],
34 silly audit   'color-name': [ '1.1.4' ],
34 silly audit   commander: [ '4.1.1' ],
34 silly audit   'concat-map': [ '0.0.1' ],
34 silly audit   'cross-spawn': [ '7.0.6' ],
34 silly audit   cssesc: [ '3.0.0' ],
34 silly audit   csstype: [ '3.2.3' ],
34 silly audit   'd3-array': [ '3.2.4' ],
34 silly audit   'd3-color': [ '3.1.0' ],
34 silly audit   'd3-ease': [ '3.0.1' ],
34 silly audit   'd3-format': [ '3.1.0' ],
34 silly audit   'd3-interpolate': [ '3.0.1' ],
34 silly audit   'd3-path': [ '3.1.0' ],
34 silly audit   'd3-scale': [ '4.0.2' ],
34 silly audit   'd3-shape': [ '3.2.0' ],
34 silly audit   'd3-time': [ '3.1.0' ],
34 silly audit   'd3-time-format': [ '4.1.0' ],
34 silly audit   'd3-timer': [ '3.0.1' ],
34 silly audit   'damerau-levenshtein': [ '1.0.8' ],
34 silly audit   'data-view-buffer': [ '1.0.2' ],
34 silly audit   'data-view-byte-length': [ '1.0.2' ],
34 silly audit   'data-view-byte-offset': [ '1.0.1' ],
34 silly audit   debug: [ '4.4.3', '3.2.7' ],
34 silly audit   'decimal.js-light': [ '2.5.1' ],
34 silly audit   'deep-is': [ '0.1.4' ],
34 silly audit   'define-data-property': [ '1.1.4' ],
34 silly audit   'define-properties': [ '1.2.1' ],
34 silly audit   'detect-node-es': [ '1.1.0' ],
34 silly audit   didyoumean: [ '1.2.2' ],
34 silly audit   dlv: [ '1.1.3' ],
34 silly audit   doctrine: [ '3.0.0', '2.1.0' ],
34 silly audit   'dom-helpers': [ '5.2.1' ],
34 silly audit   'dunder-proto': [ '1.0.1' ],
34 silly audit   'electron-to-chromium': [ '1.5.267' ],
34 silly audit   'emoji-regex': [ '9.2.2' ],
34 silly audit   'es-abstract': [ '1.24.1' ],
34 silly audit   'es-define-property': [ '1.0.1' ],
34 silly audit   'es-errors': [ '1.3.0' ],
34 silly audit   'es-iterator-helpers': [ '1.2.2' ],
34 silly audit   'es-object-atoms': [ '1.1.1' ],
34 silly audit   'es-set-tostringtag': [ '2.1.0' ],
34 silly audit   'es-shim-unscopables': [ '1.1.0' ],
34 silly audit   'es-to-primitive': [ '1.3.0' ],
34 silly audit   escalade: [ '3.2.0' ],
34 silly audit   'escape-string-regexp': [ '4.0.0' ],
34 silly audit   eslint: [ '8.57.1' ],
34 silly audit   'eslint-config-next': [ '15.0.0' ],
34 silly audit   'eslint-import-resolver-node': [ '0.3.9' ],
34 silly audit   'eslint-import-resolver-typescript': [ '3.10.1' ],
34 silly audit   'eslint-module-utils': [ '2.12.1' ],
34 silly audit   'eslint-plugin-import': [ '2.32.0' ],
34 silly audit   semver: [ '6.3.1', '7.7.3' ],
34 silly audit   'eslint-plugin-jsx-a11y': [ '6.10.2' ],
34 silly audit   'eslint-plugin-react': [ '7.37.5' ],
34 silly audit   'eslint-plugin-react-hooks': [ '5.2.0' ],
34 silly audit   resolve: [ '2.0.0-next.5', '1.22.11' ],
34 silly audit   'eslint-scope': [ '7.2.2' ],
34 silly audit   espree: [ '9.6.1' ],
34 silly audit   esquery: [ '1.7.0' ],
34 silly audit   esrecurse: [ '4.3.0' ],
34 silly audit   estraverse: [ '5.3.0' ],
34 silly audit   esutils: [ '2.0.3' ],
34 silly audit   eventemitter3: [ '4.0.7' ],
34 silly audit   'fast-deep-equal': [ '3.1.3' ],
34 silly audit   'fast-equals': [ '5.4.0' ],
34 silly audit   'fast-glob': [ '3.3.1', '3.3.3' ],
34 silly audit   'fast-json-stable-stringify': [ '2.1.0' ],
34 silly audit   'fast-levenshtein': [ '2.0.6' ],
34 silly audit   fastq: [ '1.20.1' ],
34 silly audit   'file-entry-cache': [ '6.0.1' ],
34 silly audit   'fill-range': [ '7.1.1' ],
34 silly audit   'find-up': [ '5.0.0' ],
34 silly audit   'flat-cache': [ '3.2.0' ],
34 silly audit   flatted: [ '3.3.3' ],
34 silly audit   'for-each': [ '0.3.5' ],
34 silly audit   'fraction.js': [ '5.3.4' ],
34 silly audit   'fs.realpath': [ '1.0.0' ],
34 silly audit   fsevents: [ '2.3.3' ],
34 silly audit   'function-bind': [ '1.1.2' ],
34 silly audit   'function.prototype.name': [ '1.1.8' ],
34 silly audit   'functions-have-names': [ '1.2.3' ],
34 silly audit   'generator-function': [ '2.0.1' ],
34 silly audit   'get-intrinsic': [ '1.3.0' ],
34 silly audit   'get-nonce': [ '1.0.1' ],
34 silly audit   'get-proto': [ '1.0.1' ],
34 silly audit   'get-symbol-description': [ '1.1.0' ],
34 silly audit   'get-tsconfig': [ '4.13.0' ],
34 silly audit   glob: [ '7.2.3' ],
34 silly audit   globals: [ '13.24.0' ],
34 silly audit   globalthis: [ '1.0.4' ],
34 silly audit   gopd: [ '1.2.0' ],
34 silly audit   'graceful-fs': [ '4.2.11' ],
34 silly audit   graphemer: [ '1.4.0' ],
34 silly audit   'has-bigints': [ '1.1.0' ],
34 silly audit   'has-flag': [ '4.0.0' ],
34 silly audit   'has-property-descriptors': [ '1.0.2' ],
34 silly audit   'has-proto': [ '1.2.0' ],
34 silly audit   'has-symbols': [ '1.1.0' ],
34 silly audit   'has-tostringtag': [ '1.0.2' ],
34 silly audit   hasown: [ '2.0.2' ],
34 silly audit   'iceberg-js': [ '0.8.1' ],
34 silly audit   'import-fresh': [ '3.3.1' ],
34 silly audit   imurmurhash: [ '0.1.4' ],
34 silly audit   inflight: [ '1.0.6' ],
34 silly audit   inherits: [ '2.0.4' ],
34 silly audit   'internal-slot': [ '1.1.0' ],
34 silly audit   internmap: [ '2.0.3' ],
34 silly audit   'is-array-buffer': [ '3.0.5' ],
34 silly audit   'is-async-function': [ '2.1.1' ],
34 silly audit   'is-bigint': [ '1.1.0' ],
34 silly audit   'is-binary-path': [ '2.1.0' ],
34 silly audit   'is-boolean-object': [ '1.2.2' ],
34 silly audit   'is-bun-module': [ '2.0.0' ],
34 silly audit   'is-callable': [ '1.2.7' ],
34 silly audit   'is-core-module': [ '2.16.1' ],
34 silly audit   'is-data-view': [ '1.0.2' ],
34 silly audit   'is-date-object': [ '1.1.0' ],
34 silly audit   'is-extglob': [ '2.1.1' ],
34 silly audit   'is-finalizationregistry': [ '1.1.1' ],
34 silly audit   'is-generator-function': [ '1.1.2' ],
34 silly audit   'is-glob': [ '4.0.3' ],
34 silly audit   'is-map': [ '2.0.3' ],
34 silly audit   'is-negative-zero': [ '2.0.3' ],
34 silly audit   'is-number': [ '7.0.0' ],
34 silly audit   'is-number-object': [ '1.1.1' ],
34 silly audit   'is-path-inside': [ '3.0.3' ],
34 silly audit   'is-regex': [ '1.2.1' ],
34 silly audit   'is-set': [ '2.0.3' ],
34 silly audit   'is-shared-array-buffer': [ '1.0.4' ],
34 silly audit   'is-string': [ '1.1.1' ],
34 silly audit   'is-symbol': [ '1.1.1' ],
34 silly audit   'is-typed-array': [ '1.1.15' ],
34 silly audit   'is-weakmap': [ '2.0.2' ],
34 silly audit   'is-weakref': [ '1.1.1' ],
34 silly audit   'is-weakset': [ '2.0.4' ],
34 silly audit   isarray: [ '2.0.5' ],
34 silly audit   isexe: [ '2.0.0' ],
34 silly audit   'iterator.prototype': [ '1.1.5' ],
34 silly audit   jiti: [ '1.21.7' ],
34 silly audit   jose: [ '4.15.9' ],
34 silly audit   'js-tokens': [ '4.0.0' ],
34 silly audit   'js-yaml': [ '4.1.1' ],
34 silly audit   'json-buffer': [ '3.0.1' ],
34 silly audit   'json-schema-traverse': [ '0.4.1' ],
34 silly audit   'json-stable-stringify-without-jsonify': [ '1.0.1' ],
34 silly audit   json5: [ '1.0.2' ],
34 silly audit   'jsx-ast-utils': [ '3.3.5' ],
34 silly audit   keyv: [ '4.5.4' ],
34 silly audit   'language-subtag-registry': [ '0.3.23' ],
34 silly audit   'language-tags': [ '1.0.9' ],
34 silly audit   levn: [ '0.4.1' ],
34 silly audit   lilconfig: [ '3.1.3' ],
34 silly audit   'lines-and-columns': [ '1.2.4' ],
34 silly audit   'locate-path': [ '6.0.0' ],
34 silly audit   lodash: [ '4.17.21' ],
34 silly audit   'lodash.merge': [ '4.6.2' ],
34 silly audit   'loose-envify': [ '1.4.0' ],
34 silly audit   'lucide-react': [ '0.562.0' ],
34 silly audit   'math-intrinsics': [ '1.1.0' ],
34 silly audit   merge2: [ '1.4.1' ],
34 silly audit   micromatch: [ '4.0.8' ],
34 silly audit   minimist: [ '1.2.8' ],
34 silly audit   ms: [ '2.1.3' ],
34 silly audit   mz: [ '2.7.0' ],
34 silly audit   nanoid: [ '3.3.11' ],
34 silly audit   'napi-postinstall': [ '0.3.4' ],
34 silly audit   'natural-compare': [ '1.4.0' ],
34 silly audit   next: [ '14.2.35' ],
34 silly audit   'next-themes': [ '0.4.6' ],
34 silly audit   postcss: [ '8.4.31', '8.5.6' ],
34 silly audit   'node-releases': [ '2.0.27' ],
34 silly audit   'normalize-path': [ '3.0.0' ],
34 silly audit   'object-assign': [ '4.1.1' ],
34 silly audit   'object-hash': [ '3.0.0' ],
34 silly audit   'object-inspect': [ '1.13.4' ],
34 silly audit   'object-keys': [ '1.1.1' ],
34 silly audit   'object.assign': [ '4.1.7' ],
34 silly audit   'object.entries': [ '1.1.9' ],
34 silly audit   'object.fromentries': [ '2.0.8' ],
34 silly audit   'object.groupby': [ '1.0.3' ],
34 silly audit   'object.values': [ '1.2.1' ],
34 silly audit   once: [ '1.4.0' ],
34 silly audit   optionator: [ '0.9.4' ],
34 silly audit   'own-keys': [ '1.0.1' ],
34 silly audit   'p-limit': [ '3.1.0' ],
34 silly audit   'p-locate': [ '5.0.0' ],
34 silly audit   'parent-module': [ '1.0.1' ],
34 silly audit   'path-exists': [ '4.0.0' ],
34 silly audit   'path-is-absolute': [ '1.0.1' ],
34 silly audit   'path-key': [ '3.1.1' ],
34 silly audit   'path-parse': [ '1.0.7' ],
34 silly audit   picocolors: [ '1.1.1' ],
34 silly audit   picomatch: [ '2.3.1', '4.0.3' ],
34 silly audit   pify: [ '2.3.0' ],
34 silly audit   pirates: [ '4.0.7' ],
34 silly audit   'possible-typed-array-names': [ '1.1.0' ],
34 silly audit   'postcss-import': [ '15.1.0' ],
34 silly audit   'postcss-js': [ '4.1.0' ],
34 silly audit   'postcss-load-config': [ '6.0.1' ],
34 silly audit   'postcss-nested': [ '6.2.0' ],
34 silly audit   'postcss-selector-parser': [ '6.1.2' ],
34 silly audit   'postcss-value-parser': [ '4.2.0' ],
34 silly audit   'prelude-ls': [ '1.2.1' ],
34 silly audit   prettier: [ '3.7.4' ],
34 silly audit   'prettier-plugin-tailwindcss': [ '0.6.14' ],
34 silly audit   'prop-types': [ '15.8.1' ],
34 silly audit   punycode: [ '2.3.1' ],
34 silly audit   'queue-microtask': [ '1.2.3' ],
34 silly audit   react: [ '18.3.1' ],
34 silly audit   'react-dom': [ '18.3.1' ],
34 silly audit   'react-is': [ '16.13.1', '18.3.1' ],
34 silly audit   'react-remove-scroll': [ '2.7.2' ],
34 silly audit   'react-remove-scroll-bar': [ '2.3.8' ],
34 silly audit   'react-smooth': [ '4.0.4' ],
34 silly audit   'react-style-singleton': [ '2.2.3' ],
34 silly audit   'react-transition-group': [ '4.4.5' ],
34 silly audit   'read-cache': [ '1.0.0' ],
34 silly audit   readdirp: [ '3.6.0' ],
34 silly audit   recharts: [ '2.15.4' ],
34 silly audit   'recharts-scale': [ '0.4.5' ],
34 silly audit   'reflect.getprototypeof': [ '1.0.10' ],
34 silly audit   'regexp.prototype.flags': [ '1.5.4' ],
34 silly audit   'resolve-from': [ '4.0.0' ],
34 silly audit   'resolve-pkg-maps': [ '1.0.0' ],
34 silly audit   reusify: [ '1.1.0' ],
34 silly audit   rimraf: [ '3.0.2' ],
34 silly audit   'run-parallel': [ '1.2.0' ],
34 silly audit   'safe-array-concat': [ '1.1.3' ],
34 silly audit   'safe-push-apply': [ '1.0.0' ],
34 silly audit   'safe-regex-test': [ '1.1.0' ],
34 silly audit   scheduler: [ '0.23.2' ],
34 silly audit   'set-cookie-parser': [ '2.7.2' ],
34 silly audit   'set-function-length': [ '1.2.2' ],
34 silly audit   'set-function-name': [ '2.0.2' ],
34 silly audit   'set-proto': [ '1.0.0' ],
34 silly audit   'shebang-command': [ '2.0.0' ],
34 silly audit   'shebang-regex': [ '3.0.0' ],
34 silly audit   'side-channel': [ '1.1.0' ],
34 silly audit   'side-channel-list': [ '1.0.0' ],
34 silly audit   'side-channel-map': [ '1.0.1' ],
34 silly audit   'side-channel-weakmap': [ '1.0.2' ],
34 silly audit   sonner: [ '2.0.7' ],
34 silly audit   'source-map-js': [ '1.2.1' ],
34 silly audit   'stable-hash': [ '0.0.5' ],
34 silly audit   'stop-iteration-iterator': [ '1.1.0' ],
34 silly audit   streamsearch: [ '1.1.0' ],
34 silly audit   'string.prototype.includes': [ '2.0.1' ],
34 silly audit   'string.prototype.matchall': [ '4.0.12' ],
34 silly audit   'string.prototype.repeat': [ '1.0.0' ],
34 silly audit   'string.prototype.trim': [ '1.2.10' ],
34 silly audit   'string.prototype.trimend': [ '1.0.9' ],
34 silly audit   'string.prototype.trimstart': [ '1.0.8' ],
34 silly audit   'strip-ansi': [ '6.0.1' ],
34 silly audit   'strip-bom': [ '3.0.0' ],
34 silly audit   'strip-json-comments': [ '3.1.1' ],
34 silly audit   'styled-jsx': [ '5.1.1' ],
34 silly audit   sucrase: [ '3.35.1' ],
34 silly audit   'supports-color': [ '7.2.0' ],
34 silly audit   'supports-preserve-symlinks-flag': [ '1.0.0' ],
34 silly audit   tailwindcss: [ '3.4.19' ],
34 silly audit   'text-table': [ '0.2.0' ],
34 silly audit   thenify: [ '3.3.1' ],
34 silly audit   'thenify-all': [ '1.6.0' ],
34 silly audit   'tiny-invariant': [ '1.3.3' ],
34 silly audit   tinyglobby: [ '0.2.15' ],
34 silly audit   fdir: [ '6.5.0' ],
34 silly audit   'to-regex-range': [ '5.0.1' ],
34 silly audit   'ts-api-utils': [ '2.4.0' ],
34 silly audit   'ts-interface-checker': [ '0.1.13' ],
34 silly audit   'tsconfig-paths': [ '3.15.0' ],
34 silly audit   tslib: [ '2.8.1' ],
34 silly audit   'type-check': [ '0.4.0' ],
34 silly audit   'type-fest': [ '0.20.2' ],
34 silly audit   'typed-array-buffer': [ '1.0.3' ],
34 silly audit   'typed-array-byte-length': [ '1.0.3' ],
34 silly audit   'typed-array-byte-offset': [ '1.0.4' ],
34 silly audit   'typed-array-length': [ '1.0.7' ],
34 silly audit   typescript: [ '5.9.3' ],
34 silly audit   'unbox-primitive': [ '1.1.0' ],
34 silly audit   'undici-types': [ '6.21.0' ],
34 silly audit   'unrs-resolver': [ '1.11.1' ],
34 silly audit   'update-browserslist-db': [ '1.2.3' ],
34 silly audit   'uri-js': [ '4.4.1' ],
34 silly audit   'use-callback-ref': [ '1.3.3' ],
34 silly audit   'use-sidecar': [ '1.1.3' ],
34 silly audit   'use-sync-external-store': [ '1.6.0' ],
34 silly audit   'util-deprecate': [ '1.0.2' ],
34 silly audit   vaul: [ '1.1.2' ],
34 silly audit   'victory-vendor': [ '36.9.2' ],
34 silly audit   which: [ '2.0.2' ],
34 silly audit   'which-boxed-primitive': [ '1.1.1' ],
34 silly audit   'which-builtin-type': [ '1.2.1' ],
34 silly audit   'which-collection': [ '1.0.2' ],
34 silly audit   'which-typed-array': [ '1.1.19' ],
34 silly audit   'word-wrap': [ '1.2.5' ],
34 silly audit   wrappy: [ '1.0.2' ],
34 silly audit   ws: [ '8.18.3' ],
34 silly audit   'yocto-queue': [ '0.1.0' ],
34 silly audit   zod: [ '4.3.5' ],
34 silly audit   clsx: [ '2.1.1' ],
34 silly audit   'tailwind-merge': [ '3.4.0' ],
34 silly audit   'tailwindcss-animate': [ '1.0.7' ]
34 silly audit }
35 http cache tailwind-merge@https://registry.npmjs.org/tailwind-merge/-/tailwind-merge-3.4.0.tgz 0ms (cache hit)
36 http cache tailwindcss-animate@https://registry.npmjs.org/tailwindcss-animate/-/tailwindcss-animate-1.0.7.tgz 0ms (cache hit)
37 silly tarball no local data for tailwind-merge@https://registry.npmjs.org/tailwind-merge/-/tailwind-merge-3.4.0.tgz. Extracting by manifest.
38 silly tarball no local data for tailwindcss-animate@https://registry.npmjs.org/tailwindcss-animate/-/tailwindcss-animate-1.0.7.tgz. Extracting by manifest.
39 http fetch GET 200 https://registry.npmjs.org/tailwindcss-animate/-/tailwindcss-animate-1.0.7.tgz 147ms (cache miss)
40 http fetch GET 200 https://registry.npmjs.org/tailwind-merge/-/tailwind-merge-3.4.0.tgz 175ms (cache miss)
41 http fetch POST 200 https://registry.npmjs.org/-/npm/v1/security/advisories/bulk 276ms
42 silly audit report {}
43 silly ADD node_modules/tailwindcss-animate
44 silly ADD node_modules/tailwind-merge
45 verbose cwd /Users/finlaysturzaker/Desktop/CreatorFirst
46 verbose os Darwin 24.6.0
47 verbose node v24.10.0
48 verbose npm  v11.6.0
49 verbose exit 0
50 info ok
